<project xmlns="http://maven.apache.org/POM/4.0.0" xmlns:xsi="http://www.w3.org/2001/XMLSchema-instance"
	xsi:schemaLocation="http://maven.apache.org/POM/4.0.0 http://maven.apache.org/xsd/maven-4.0.0.xsd">
	<modelVersion>4.0.0</modelVersion>
	<parent>
		<groupId>org.fartpig</groupId>
		<artifactId>fileEncodingChange</artifactId>
		<version>0.1.0-RELEASE</version>
	</parent>
	<artifactId>fileEncodingChange-maven-plugin-test</artifactId>

	<build>
		<plugins>
			<plugin>
				<groupId>org.fartpig</groupId>
				<artifactId>fileEncodingChange-maven-plugin</artifactId>
				<version>${project.version}</version>
				<executions>
					<execution>
						<id>test-fileEncodingChange</id>
						<goals>
							<goal>
								convert
							</goal>
						</goals>
					</execution>
				</executions>
				<configuration>
					<inputPath>D:/main/src</inputPath>
					<targetEncoding>UTF-8</targetEncoding>
				</configuration>
			</plugin>
		</plugins>
	</build>

	<dependencies>
		<dependency>
			<groupId>junit</groupId>
			<artifactId>junit</artifactId>
			<version>4.8.2</version>
			<scope>test</scope>
		</dependency>
	</dependencies>

</project>